<?xml version="1.0" encoding="UTF-8"?>
<!-- Generated by org.testng.reporters.JUnitReportReporter -->
<testsuite hostname="LAPTOP-SAO9VTP8" failures="0" tests="3" name="org.Excel.DataDrivN" time="0.020" errors="0" timestamp="09 Jan 2022 08:32:13 GMT" skipped="0">
  <testcase classname="org.Excel.DataDrivN" name="startTheCar" time="0.008"/>
  <testcase classname="org.Excel.DataDrivN" name="putFirstGear" time="0.003"/>
  <testcase classname="org.Excel.DataDrivN" name="putSceondGear" time="0.009"/>
</testsuite> <!-- org.Excel.DataDrivN -->
